This is XeTeX, Version 3.141592653-2.6-0.999995 (TeX Live 2023/Debian) (preloaded format=xelatex 2024.5.4)  24 SEP 2024 08:19
entering extended mode
 restricted \write18 enabled.
 %&-line parsing enabled.
**basic_q1.tex
(./basic_q1.tex
LaTeX2e <2023-11-01> patch level 1
L3 programming layer <2024-01-22>

! LaTeX Error: Missing \begin{document}.

See the LaTeX manual or LaTeX Companion for explanation.
Type  H <return>  for immediate help.
 ...                                              
                                                  
l.1  
     با ذکر دلیل، کوچک‌ترین مبنای ممکن را برای هریک از اعداد زیر را مشخص کنید.
You're in trouble here.  Try typing  <return>  to proceed.
If that doesn't work, type  X <return>  to quit.

Missing character: There is no   ("A0) in font nullfont!
Missing character: There is no ب ("628) in font nullfont!
Missing character: There is no ا ("627) in font nullfont!
Missing character: There is no ذ ("630) in font nullfont!
Missing character: There is no ک ("6A9) in font nullfont!
Missing character: There is no ر ("631) in font nullfont!
Missing character: There is no د ("62F) in font nullfont!
Missing character: There is no ل ("644) in font nullfont!
Missing character: There is no ی ("6CC) in font nullfont!
Missing character: There is no ل ("644) in font nullfont!
Missing character: There is no ، ("60C) in font nullfont!
Missing character: There is no ک ("6A9) in font nullfont!
Missing character: There is no و ("648) in font nullfont!
Missing character: There is no چ ("686) in font nullfont!
Missing character: There is no ک ("6A9) in font nullfont!
Missing character: There is no ‌ ("200C) in font nullfont!
Missing character: There is no ت ("62A) in font nullfont!
Missing character: There is no ر ("631) in font nullfont!
Missing character: There is no ی ("6CC) in font nullfont!
Missing character: There is no ن ("646) in font nullfont!
Missing character: There is no م ("645) in font nullfont!
Missing character: There is no ب ("628) in font nullfont!
Missing character: There is no ن ("646) in font nullfont!
Missing character: There is no ا ("627) in font nullfont!
Missing character: There is no ی ("6CC) in font nullfont!
Missing character: There is no م ("645) in font nullfont!
Missing character: There is no م ("645) in font nullfont!
Missing character: There is no ک ("6A9) in font nullfont!
Missing character: There is no ن ("646) in font nullfont!
Missing character: There is no ر ("631) in font nullfont!
Missing character: There is no ا ("627) in font nullfont!
Missing character: There is no ب ("628) in font nullfont!
Missing character: There is no ر ("631) in font nullfont!
Missing character: There is no ا ("627) in font nullfont!
Missing character: There is no ی ("6CC) in font nullfont!
Missing character: There is no ه ("647) in font nullfont!
Missing character: There is no ر ("631) in font nullfont!
Missing character: There is no ی ("6CC) in font nullfont!
Missing character: There is no ک ("6A9) in font nullfont!
Missing character: There is no ا ("627) in font nullfont!
Missing character: There is no ز ("632) in font nullfont!
Missing character: There is no ا ("627) in font nullfont!
Missing character: There is no ع ("639) in font nullfont!
Missing character: There is no د ("62F) in font nullfont!
Missing character: There is no ا ("627) in font nullfont!
Missing character: There is no د ("62F) in font nullfont!
Missing character: There is no ز ("632) in font nullfont!
Missing character: There is no ی ("6CC) in font nullfont!
Missing character: There is no ر ("631) in font nullfont!
Missing character: There is no ر ("631) in font nullfont!
Missing character: There is no ا ("627) in font nullfont!
Missing character: There is no م ("645) in font nullfont!
Missing character: There is no ش ("634) in font nullfont!
Missing character: There is no خ ("62E) in font nullfont!
Missing character: There is no ص ("635) in font nullfont!
Missing character: There is no ک ("6A9) in font nullfont!
Missing character: There is no ن ("646) in font nullfont!
Missing character: There is no ی ("6CC) in font nullfont!
Missing character: There is no د ("62F) in font nullfont!
Missing character: There is no . ("2E) in font nullfont!

Overfull \hbox (20.0pt too wide) in paragraph at lines 1--2
[]
 []


! LaTeX Error: Environment latin undefined.

See the LaTeX manual or LaTeX Companion for explanation.
Type  H <return>  for immediate help.
 ...                                              
                                                  
l.3 \begin{latin}
                 
Your command was ignored.
Type  I <command> <return>  to replace it with another command,
or  <return>  to continue without it.


! LaTeX Error: Missing \begin{document}.

See the LaTeX manual or LaTeX Companion for explanation.
Type  H <return>  for immediate help.
 ...                                              
                                                  
l.4 ^^I\begin{enumerate}
                        
You're in trouble here.  Try typing  <return>  to proceed.
If that doesn't work, type  X <return>  to quit.


Overfull \hbox (20.0pt too wide) in paragraph at lines 4--4
[] 
 []

Missing character: There is no ( ("28) in font nullfont!
Missing character: There is no 0 ("30) in font nullfont!
Missing character: There is no 0 ("30) in font nullfont!
Missing character: There is no 1 ("31) in font nullfont!
Missing character: There is no 1 ("31) in font nullfont!
Missing character: There is no 1 ("31) in font nullfont!
Missing character: There is no 0 ("30) in font nullfont!
Missing character: There is no 1 ("31) in font nullfont!
Missing character: There is no 0 ("30) in font nullfont!
Missing character: There is no 1 ("31) in font nullfont!
Missing character: There is no 1 ("31) in font nullfont!
Missing character: There is no 0 ("30) in font nullfont!
Missing character: There is no ) ("29) in font nullfont!
LaTeX Font Info:    External font `cmex10' loaded for size
(Font)              <7> on input line 6.
LaTeX Font Info:    External font `cmex10' loaded for size
(Font)              <5> on input line 6.

Overfull \hbox (4.7pt too wide) in paragraph at lines 6--7
[]$ 
 []

Missing character: There is no ( ("28) in font nullfont!
Missing character: There is no 1 ("31) in font nullfont!
Missing character: There is no 8 ("38) in font nullfont!
Missing character: There is no 1 ("31) in font nullfont!
Missing character: There is no 2 ("32) in font nullfont!
Missing character: There is no ) ("29) in font nullfont!

Overfull \hbox (4.7pt too wide) in paragraph at lines 9--10
[]$ 
 []

Missing character: There is no ( ("28) in font nullfont!
Missing character: There is no 3 ("33) in font nullfont!
Missing character: There is no 5 ("35) in font nullfont!
Missing character: There is no 7 ("37) in font nullfont!
Missing character: There is no . ("2E) in font nullfont!
Missing character: There is no 4 ("34) in font nullfont!
Missing character: There is no 1 ("31) in font nullfont!
Missing character: There is no 1 ("31) in font nullfont!
Missing character: There is no ) ("29) in font nullfont!

Overfull \hbox (4.7pt too wide) in paragraph at lines 12--13
[]$ 
 []

Missing character: There is no ( ("28) in font nullfont!
Missing character: There is no F ("46) in font nullfont!
Missing character: There is no A ("41) in font nullfont!
Missing character: There is no B ("42) in font nullfont!
Missing character: There is no 1 ("31) in font nullfont!
Missing character: There is no . ("2E) in font nullfont!
Missing character: There is no C ("43) in font nullfont!
Missing character: There is no D ("44) in font nullfont!
Missing character: There is no 7 ("37) in font nullfont!
Missing character: There is no ) ("29) in font nullfont!

Overfull \hbox (4.7pt too wide) in paragraph at lines 15--16
[]$ 
 []


! LaTeX Error: \begin{document} ended by \end{latin}.

See the LaTeX manual or LaTeX Companion for explanation.
Type  H <return>  for immediate help.
 ...                                              
                                                  
l.17 \end{latin}
                
Your command was ignored.
Type  I <command> <return>  to replace it with another command,
or  <return>  to continue without it.

)
! Emergency stop.
<*> basic_q1.tex
                
*** (job aborted, no legal \end found)

 
Here is how much of TeX's memory you used:
 28 strings out of 474878
 557 string characters out of 5762517
 1916627 words of memory out of 5000000
 22174 multiletter control sequences out of 15000+600000
 558077 words of font info for 37 fonts, out of 8000000 for 9000
 1348 hyphenation exceptions out of 8191
 20i,4n,22p,122b,140s stack positions out of 10000i,1000n,20000p,200000b,200000s
No pages of output.
