This is XeTeX, Version 3.141592653-2.6-0.999995 (TeX Live 2023/Debian) (preloaded format=xelatex 2024.5.4)  18 OCT 2024 21:27
entering extended mode
 restricted \write18 enabled.
 %&-line parsing enabled.
**bonus_q1.tex
(./bonus_q1.tex
LaTeX2e <2023-11-01> patch level 1
L3 programming layer <2024-01-22>

! LaTeX Error: Missing \begin{document}.

See the LaTeX manual or LaTeX Companion for explanation.
Type  H <return>  for immediate help.
 ...                                              
                                                  
l.3 م
     دار شکل زیر، ماکزیمم گیر نام دارد. ورودی این مدار ۲ عدد بدون علامت\LTRf...

You're in trouble here.  Try typing  <return>  to proceed.
If that doesn't work, type  X <return>  to quit.

Missing character: There is no م ("645) in font nullfont!
Missing character: There is no د ("62F) in font nullfont!
Missing character: There is no ا ("627) in font nullfont!
Missing character: There is no ر ("631) in font nullfont!
Missing character: There is no ش ("634) in font nullfont!
Missing character: There is no ک ("6A9) in font nullfont!
Missing character: There is no ل ("644) in font nullfont!
Missing character: There is no ز ("632) in font nullfont!
Missing character: There is no ی ("6CC) in font nullfont!
Missing character: There is no ر ("631) in font nullfont!
Missing character: There is no ، ("60C) in font nullfont!
Missing character: There is no م ("645) in font nullfont!
Missing character: There is no ا ("627) in font nullfont!
Missing character: There is no ک ("6A9) in font nullfont!
Missing character: There is no ز ("632) in font nullfont!
Missing character: There is no ی ("6CC) in font nullfont!
Missing character: There is no م ("645) in font nullfont!
Missing character: There is no م ("645) in font nullfont!
Missing character: There is no گ ("6AF) in font nullfont!
Missing character: There is no ی ("6CC) in font nullfont!
Missing character: There is no ر ("631) in font nullfont!
Missing character: There is no ن ("646) in font nullfont!
Missing character: There is no ا ("627) in font nullfont!
Missing character: There is no م ("645) in font nullfont!
Missing character: There is no د ("62F) in font nullfont!
Missing character: There is no ا ("627) in font nullfont!
Missing character: There is no ر ("631) in font nullfont!
Missing character: There is no د ("62F) in font nullfont!
Missing character: There is no . ("2E) in font nullfont!
Missing character: There is no و ("648) in font nullfont!
Missing character: There is no ر ("631) in font nullfont!
Missing character: There is no و ("648) in font nullfont!
Missing character: There is no د ("62F) in font nullfont!
Missing character: There is no ی ("6CC) in font nullfont!
Missing character: There is no ا ("627) in font nullfont!
Missing character: There is no ی ("6CC) in font nullfont!
Missing character: There is no ن ("646) in font nullfont!
Missing character: There is no م ("645) in font nullfont!
Missing character: There is no د ("62F) in font nullfont!
Missing character: There is no ا ("627) in font nullfont!
Missing character: There is no ر ("631) in font nullfont!
Missing character: There is no ۲ ("6F2) in font nullfont!
Missing character: There is no ع ("639) in font nullfont!
Missing character: There is no د ("62F) in font nullfont!
Missing character: There is no د ("62F) in font nullfont!
Missing character: There is no ب ("628) in font nullfont!
Missing character: There is no د ("62F) in font nullfont!
Missing character: There is no و ("648) in font nullfont!
Missing character: There is no ن ("646) in font nullfont!
Missing character: There is no ع ("639) in font nullfont!
Missing character: There is no ل ("644) in font nullfont!
Missing character: There is no ا ("627) in font nullfont!
Missing character: There is no م ("645) in font nullfont!
Missing character: There is no ت ("62A) in font nullfont!
! Undefined control sequence.
l.3 ...ورودی این مدار ۲ عدد بدون علامت\LTRfootnote
                                                  {\lr{Unsigned}}
The control sequence at the end of the top line
of your error message was never \def'ed. If you have
misspelled it (e.g., `\hobx'), type `I' and the correct
spelling (e.g., `I\hbox'). Otherwise just continue,
and I'll forget about whatever was undefined.

! Undefined control sequence.
l.3 ...ی این مدار ۲ عدد بدون علامت\LTRfootnote{\lr
                                                  {Unsigned}}
The control sequence at the end of the top line
of your error message was never \def'ed. If you have
misspelled it (e.g., `\hobx'), type `I' and the correct
spelling (e.g., `I\hbox'). Otherwise just continue,
and I'll forget about whatever was undefined.

Missing character: There is no U ("55) in font nullfont!
Missing character: There is no n ("6E) in font nullfont!
Missing character: There is no s ("73) in font nullfont!
Missing character: There is no i ("69) in font nullfont!
Missing character: There is no g ("67) in font nullfont!
Missing character: There is no n ("6E) in font nullfont!
Missing character: There is no e ("65) in font nullfont!
Missing character: There is no d ("64) in font nullfont!
Missing character: There is no ۴ ("6F4) in font nullfont!
Missing character: There is no ب ("628) in font nullfont!
Missing character: There is no ی ("6CC) in font nullfont!
Missing character: There is no ت ("62A) in font nullfont!
Missing character: There is no ی ("6CC) in font nullfont!
Missing character: There is no ا ("627) in font nullfont!
Missing character: There is no س ("633) in font nullfont!
Missing character: There is no ت ("62A) in font nullfont!
Missing character: There is no . ("2E) in font nullfont!
Missing character: There is no خ ("62E) in font nullfont!
Missing character: There is no ر ("631) in font nullfont!
Missing character: There is no و ("648) in font nullfont!
Missing character: There is no ج ("62C) in font nullfont!
Missing character: There is no ی ("6CC) in font nullfont!
Missing character: There is no م ("645) in font nullfont!
Missing character: There is no د ("62F) in font nullfont!
Missing character: There is no ا ("627) in font nullfont!
Missing character: There is no ر ("631) in font nullfont!
LaTeX Font Info:    External font `cmex10' loaded for size
(Font)              <7> on input line 4.
LaTeX Font Info:    External font `cmex10' loaded for size
(Font)              <5> on input line 4.
Missing character: There is no ا ("627) in font nullfont!
Missing character: There is no س ("633) in font nullfont!
Missing character: There is no ت ("62A) in font nullfont!
Missing character: There is no ا ("627) in font nullfont!
Missing character: There is no گ ("6AF) in font nullfont!
Missing character: There is no ر ("631) in font nullfont!
Missing character: There is no ب ("628) in font nullfont!
Missing character: There is no ا ("627) in font nullfont!
Missing character: There is no ش ("634) in font nullfont!
Missing character: There is no د ("62F) in font nullfont!
Missing character: There is no و ("648) in font nullfont!
Missing character: There is no ا ("627) in font nullfont!
Missing character: There is no گ ("6AF) in font nullfont!
Missing character: There is no ر ("631) in font nullfont!
Missing character: There is no ب ("628) in font nullfont!
Missing character: There is no ا ("627) in font nullfont!
Missing character: There is no ش ("634) in font nullfont!
Missing character: There is no د ("62F) in font nullfont!
Missing character: There is no ، ("60C) in font nullfont!
Missing character: There is no خ ("62E) in font nullfont!
Missing character: There is no ر ("631) in font nullfont!
Missing character: There is no و ("648) in font nullfont!
Missing character: There is no ج ("62C) in font nullfont!
Missing character: There is no ی ("6CC) in font nullfont!
Missing character: There is no ب ("628) in font nullfont!
Missing character: There is no ر ("631) in font nullfont!
Missing character: There is no ا ("627) in font nullfont!
Missing character: There is no ب ("628) in font nullfont!
Missing character: There is no ر ("631) in font nullfont!
Missing character: There is no ا ("627) in font nullfont!
Missing character: There is no س ("633) in font nullfont!
Missing character: There is no ت ("62A) in font nullfont!
Missing character: There is no ب ("628) in font nullfont!
Missing character: There is no ا ("627) in font nullfont!

Overfull \hbox (20.0pt too wide) in paragraph at lines 3--5
[]
 []


Overfull \hbox (18.09718pt too wide) in paragraph at lines 3--5
\OML/cmm/m/it/10 Z \OT1/cmr/m/n/10 =
 []


Overfull \hbox (7.50002pt too wide) in paragraph at lines 3--5
\OML/cmm/m/it/10 A$
 []


Overfull \hbox (18.05553pt too wide) in paragraph at lines 3--5
\OML/cmm/m/it/10 A \OMS/cmsy/m/n/10 ^^U
 []


Overfull \hbox (8.0868pt too wide) in paragraph at lines 3--5
\OML/cmm/m/it/10 B$
 []


Overfull \hbox (18.05553pt too wide) in paragraph at lines 3--5
\OML/cmm/m/it/10 A <
 []


Overfull \hbox (8.0868pt too wide) in paragraph at lines 3--5
\OML/cmm/m/it/10 B$
 []


Overfull \hbox (18.09718pt too wide) in paragraph at lines 3--5
\OML/cmm/m/it/10 Z \OT1/cmr/m/n/10 =
 []


Overfull \hbox (8.0868pt too wide) in paragraph at lines 3--5
\OML/cmm/m/it/10 B$ 
 []


! LaTeX Error: Environment figure undefined.

See the LaTeX manual or LaTeX Companion for explanation.
Type  H <return>  for immediate help.
 ...                                              
                                                  
l.7 \begin{figure}
                  [h]
Your command was ignored.
Type  I <command> <return>  to replace it with another command,
or  <return>  to continue without it.


! LaTeX Error: Missing \begin{document}.

See the LaTeX manual or LaTeX Companion for explanation.
Type  H <return>  for immediate help.
 ...                                              
                                                  
l.7 \begin{figure}[
                   h]
You're in trouble here.  Try typing  <return>  to proceed.
If that doesn't work, type  X <return>  to quit.

Missing character: There is no [ ("5B) in font nullfont!
Missing character: There is no h ("68) in font nullfont!
Missing character: There is no ] ("5D) in font nullfont!
! Undefined control sequence.
l.9 ^^I\includegraphics
                       [width=0.3\textwidth]{fig/Q_bonus_a.pdf}
The control sequence at the end of the top line
of your error message was never \def'ed. If you have
misspelled it (e.g., `\hobx'), type `I' and the correct
spelling (e.g., `I\hbox'). Otherwise just continue,
and I'll forget about whatever was undefined.

Missing character: There is no [ ("5B) in font nullfont!
Missing character: There is no w ("77) in font nullfont!
Missing character: There is no i ("69) in font nullfont!
Missing character: There is no d ("64) in font nullfont!
Missing character: There is no t ("74) in font nullfont!
Missing character: There is no h ("68) in font nullfont!
Missing character: There is no = ("3D) in font nullfont!
Missing character: There is no 0 ("30) in font nullfont!
Missing character: There is no . ("2E) in font nullfont!
Missing character: There is no 3 ("33) in font nullfont!
! Missing number, treated as zero.
<to be read again> 
                   ]
l.9 ^^I\includegraphics[width=0.3\textwidth]
                                            {fig/Q_bonus_a.pdf}
A number should have been here; I inserted `0'.
(If you can't figure out why I needed to see a number,
look up `weird error' in the index to The TeXbook.)

! Illegal unit of measure (pt inserted).
<to be read again> 
                   ]
l.9 ^^I\includegraphics[width=0.3\textwidth]
                                            {fig/Q_bonus_a.pdf}
Dimensions can be in units of em, ex, in, pt, pc,
cm, mm, dd, cc, bp, or sp; but yours is a new one!
I'll assume that you meant to say pt, for printer's points.
To recover gracefully from this error, it's best to
delete the erroneous units; e.g., type `2' to delete
two letters. (See Chapter 27 of The TeXbook.)

Missing character: There is no ] ("5D) in font nullfont!
Missing character: There is no f ("66) in font nullfont!
Missing character: There is no i ("69) in font nullfont!
Missing character: There is no g ("67) in font nullfont!
Missing character: There is no / ("2F) in font nullfont!
Missing character: There is no Q ("51) in font nullfont!
! Missing $ inserted.
<inserted text> 
                $
l.9 ...includegraphics[width=0.3\textwidth]{fig/Q_
                                                  bonus_a.pdf}
I've inserted a begin-math/end-math symbol since I think
you left one out. Proceed, with fingers crossed.

! Extra }, or forgotten $.
l.9 ...ics[width=0.3\textwidth]{fig/Q_bonus_a.pdf}
                                                  
I've deleted a group-closing symbol because it seems to be
spurious, as in `$x}$'. But perhaps the } is legitimate and
you forgot something else, as in `\hbox{$x}'. In such cases
the way to recover is to insert both the forgotten and the
deleted material, e.g., by typing `I$}'.


! LaTeX Error: \begin{document} ended by \end{figure}.

See the LaTeX manual or LaTeX Companion for explanation.
Type  H <return>  for immediate help.
 ...                                              
                                                  
l.11 \end{figure}
                 
Your command was ignored.
Type  I <command> <return>  to replace it with another command,
or  <return>  to continue without it.

! Missing $ inserted.
<inserted text> 
                $
l.11 \end{figure}
                 
I've inserted something that you may have forgotten.
(See the <inserted text> above.)
With luck, this will get me unwedged. But if you
really didn't forget anything, try typing `2' now; then
my insertion and my current dilemma will both disappear.

! Missing } inserted.
<inserted text> 
                }
l.11 \end{figure}
                 
I've inserted something that you may have forgotten.
(See the <inserted text> above.)
With luck, this will get me unwedged. But if you
really didn't forget anything, try typing `2' now; then
my insertion and my current dilemma will both disappear.


Overfull \hbox (20.0pt too wide) in paragraph at lines 7--12
[]
 []


Overfull \hbox (47.43546pt too wide) in paragraph at lines 7--12
[]\OML/cmm/m/it/10 onus[]:pdf[]$ 
 []


! LaTeX Error: Environment figure undefined.

See the LaTeX manual or LaTeX Companion for explanation.
Type  H <return>  for immediate help.
 ...                                              
                                                  
l.17 \begin{figure}
                   [h]
Your command was ignored.
Type  I <command> <return>  to replace it with another command,
or  <return>  to continue without it.


! LaTeX Error: Missing \begin{document}.

See the LaTeX manual or LaTeX Companion for explanation.
Type  H <return>  for immediate help.
 ...                                              
                                                  
l.17 \begin{figure}[
                    h]
You're in trouble here.  Try typing  <return>  to proceed.
If that doesn't work, type  X <return>  to quit.

Missing character: There is no [ ("5B) in font nullfont!
Missing character: There is no h ("68) in font nullfont!
Missing character: There is no ] ("5D) in font nullfont!
! Undefined control sequence.
l.19 ^^I\includegraphics
                        [width=0.8\textwidth]{fig/Q_bonus_b.pdf}
The control sequence at the end of the top line
of your error message was never \def'ed. If you have
misspelled it (e.g., `\hobx'), type `I' and the correct
spelling (e.g., `I\hbox'). Otherwise just continue,
and I'll forget about whatever was undefined.

Missing character: There is no [ ("5B) in font nullfont!
Missing character: There is no w ("77) in font nullfont!
Missing character: There is no i ("69) in font nullfont!
Missing character: There is no d ("64) in font nullfont!
Missing character: There is no t ("74) in font nullfont!
Missing character: There is no h ("68) in font nullfont!
Missing character: There is no = ("3D) in font nullfont!
Missing character: There is no 0 ("30) in font nullfont!
Missing character: There is no . ("2E) in font nullfont!
Missing character: There is no 8 ("38) in font nullfont!
! Missing number, treated as zero.
<to be read again> 
                   ]
l.19 ^^I\includegraphics[width=0.8\textwidth]
                                             {fig/Q_bonus_b.pdf}
A number should have been here; I inserted `0'.
(If you can't figure out why I needed to see a number,
look up `weird error' in the index to The TeXbook.)

! Illegal unit of measure (pt inserted).
<to be read again> 
                   ]
l.19 ^^I\includegraphics[width=0.8\textwidth]
                                             {fig/Q_bonus_b.pdf}
Dimensions can be in units of em, ex, in, pt, pc,
cm, mm, dd, cc, bp, or sp; but yours is a new one!
I'll assume that you meant to say pt, for printer's points.
To recover gracefully from this error, it's best to
delete the erroneous units; e.g., type `2' to delete
two letters. (See Chapter 27 of The TeXbook.)

Missing character: There is no ] ("5D) in font nullfont!
Missing character: There is no f ("66) in font nullfont!
Missing character: There is no i ("69) in font nullfont!
Missing character: There is no g ("67) in font nullfont!
Missing character: There is no / ("2F) in font nullfont!
Missing character: There is no Q ("51) in font nullfont!
! Missing $ inserted.
<inserted text> 
                $
l.19 ...ncludegraphics[width=0.8\textwidth]{fig/Q_
                                                  bonus_b.pdf}
I've inserted a begin-math/end-math symbol since I think
you left one out. Proceed, with fingers crossed.

! Extra }, or forgotten $.
l.19 ...cs[width=0.8\textwidth]{fig/Q_bonus_b.pdf}
                                                  
I've deleted a group-closing symbol because it seems to be
spurious, as in `$x}$'. But perhaps the } is legitimate and
you forgot something else, as in `\hbox{$x}'. In such cases
the way to recover is to insert both the forgotten and the
deleted material, e.g., by typing `I$}'.


! LaTeX Error: \begin{document} ended by \end{figure}.

See the LaTeX manual or LaTeX Companion for explanation.
Type  H <return>  for immediate help.
 ...                                              
                                                  
l.21 \end{figure}
                 
Your command was ignored.
Type  I <command> <return>  to replace it with another command,
or  <return>  to continue without it.

! Missing $ inserted.
<inserted text> 
                $
l.21 \end{figure}
                 
I've inserted something that you may have forgotten.
(See the <inserted text> above.)
With luck, this will get me unwedged. But if you
really didn't forget anything, try typing `2' now; then
my insertion and my current dilemma will both disappear.

! Missing } inserted.
<inserted text> 
                }
l.21 \end{figure}
                 
I've inserted something that you may have forgotten.
(See the <inserted text> above.)
With luck, this will get me unwedged. But if you
really didn't forget anything, try typing `2' now; then
my insertion and my current dilemma will both disappear.

)
! Emergency stop.
<*> bonus_q1.tex
                
*** (job aborted, no legal \end found)

 
Here is how much of TeX's memory you used:
 20 strings out of 474878
 394 string characters out of 5762517
 1915627 words of memory out of 5000000
 22168 multiletter control sequences out of 15000+600000
 558069 words of font info for 36 fonts, out of 8000000 for 9000
 1348 hyphenation exceptions out of 8191
 18i,1n,20p,142b,57s stack positions out of 10000i,1000n,20000p,200000b,200000s
No pages of output.
