This is XeTeX, Version 3.141592653-2.6-0.999995 (TeX Live 2023) (preloaded format=xelatex 2023.8.4)  26 AUG 2023 23:31
entering extended mode
 restricted \write18 enabled.
 %&-line parsing enabled.
**th1.tex
(./th1.tex
LaTeX2e <2023-06-01> patch level 1
L3 programming layer <2023-08-03>

! LaTeX Error: Missing \begin{document}.

See the LaTeX manual or LaTeX Companion for explanation.
Type  H <return>  for immediate help.
 ...                                              
                                                  
l.1 م
     تن سوال
You're in trouble here.  Try typing  <return>  to proceed.
If that doesn't work, type  X <return>  to quit.

Missing character: There is no م ("645) in font nullfont!
Missing character: There is no ت ("62A) in font nullfont!
Missing character: There is no ن ("646) in font nullfont!
Missing character: There is no س ("633) in font nullfont!
Missing character: There is no و ("648) in font nullfont!
Missing character: There is no ا ("627) in font nullfont!
Missing character: There is no ل ("644) in font nullfont!
)
! Emergency stop.
<*> th1.tex
           
*** (job aborted, no legal \end found)

 
Here is how much of TeX's memory you used:
 15 strings out of 475845
 281 string characters out of 5781365
 1908879 words of memory out of 5000000
 21201 multiletter control sequences out of 15000+600000
 558069 words of font info for 36 fonts, out of 8000000 for 9000
 1348 hyphenation exceptions out of 8191
 15i,0n,18p,51b,14s stack positions out of 10000i,1000n,20000p,200000b,200000s
No pages of output.
