This is XeTeX, Version 3.141592653-2.6-0.999993 (TeX Live 2022/dev/Debian) (preloaded format=xelatex 2024.8.14)  23 SEP 2024 13:13
entering extended mode
 restricted \write18 enabled.
 %&-line parsing enabled.
**th5.tex
(./th5.tex
LaTeX2e <2021-11-15> patch level 1
L3 programming layer <2022-01-21>

! LaTeX Error: Missing \begin{document}.

See the LaTeX manual or LaTeX Companion for explanation.
Type  H <return>  for immediate help.
 ...                                              
                                                  
l.1 م
     وارد خواسته شده را به دست آورید.
You're in trouble here.  Try typing  <return>  to proceed.
If that doesn't work, type  X <return>  to quit.

Missing character: There is no م ("645) in font nullfont!
Missing character: There is no و ("648) in font nullfont!
Missing character: There is no ا ("627) in font nullfont!
Missing character: There is no ر ("631) in font nullfont!
Missing character: There is no د ("62F) in font nullfont!
Missing character: There is no خ ("62E) in font nullfont!
Missing character: There is no و ("648) in font nullfont!
Missing character: There is no ا ("627) in font nullfont!
Missing character: There is no س ("633) in font nullfont!
Missing character: There is no ت ("62A) in font nullfont!
Missing character: There is no ه ("647) in font nullfont!
Missing character: There is no ش ("634) in font nullfont!
Missing character: There is no د ("62F) in font nullfont!
Missing character: There is no ه ("647) in font nullfont!
Missing character: There is no ر ("631) in font nullfont!
Missing character: There is no ا ("627) in font nullfont!
Missing character: There is no ب ("628) in font nullfont!
Missing character: There is no ه ("647) in font nullfont!
Missing character: There is no د ("62F) in font nullfont!
Missing character: There is no س ("633) in font nullfont!
Missing character: There is no ت ("62A) in font nullfont!
Missing character: There is no آ ("622) in font nullfont!
Missing character: There is no و ("648) in font nullfont!
Missing character: There is no ر ("631) in font nullfont!
Missing character: There is no ی ("6CC) in font nullfont!
Missing character: There is no د ("62F) in font nullfont!
Missing character: There is no . ("2E) in font nullfont!

Overfull \hbox (20.0pt too wide) in paragraph at lines 1--2
[]
 []


! LaTeX Error: Missing \begin{document}.

See the LaTeX manual or LaTeX Companion for explanation.
Type  H <return>  for immediate help.
 ...                                              
                                                  
l.3 \begin{enumerate}
                     
You're in trouble here.  Try typing  <return>  to proceed.
If that doesn't work, type  X <return>  to quit.


Overfull \hbox (20.0pt too wide) in paragraph at lines 3--3
[] 
 []

Missing character: There is no ع ("639) in font nullfont!
Missing character: There is no ب ("628) in font nullfont!
Missing character: There is no ا ("627) in font nullfont!
Missing character: There is no ر ("631) in font nullfont!
Missing character: There is no ا ("627) in font nullfont!
Missing character: There is no ت ("62A) in font nullfont!
Missing character: There is no ز ("632) in font nullfont!
Missing character: There is no ی ("6CC) in font nullfont!
Missing character: There is no ر ("631) in font nullfont!
Missing character: There is no ر ("631) in font nullfont!
Missing character: There is no ا ("627) in font nullfont!
Missing character: There is no ت ("62A) in font nullfont!
Missing character: There is no ا ("627) in font nullfont!
Missing character: There is no ح ("62D) in font nullfont!
Missing character: There is no د ("62F) in font nullfont!
Missing character: There is no ا ("627) in font nullfont!
Missing character: There is no م ("645) in font nullfont!
Missing character: There is no ک ("6A9) in font nullfont!
Missing character: There is no ا ("627) in font nullfont!
Missing character: There is no ن ("646) in font nullfont!
Missing character: There is no س ("633) in font nullfont!
Missing character: There is no ا ("627) in font nullfont!
Missing character: There is no د ("62F) in font nullfont!
Missing character: There is no ه ("647) in font nullfont!
Missing character: There is no ک ("6A9) in font nullfont!
Missing character: There is no ن ("646) in font nullfont!
Missing character: There is no ی ("6CC) in font nullfont!
Missing character: There is no د ("62F) in font nullfont!
Missing character: There is no و ("648) in font nullfont!
Missing character: There is no د ("62F) in font nullfont!
Missing character: There is no ر ("631) in font nullfont!
Missing character: There is no ن ("646) in font nullfont!
Missing character: There is no ه ("647) in font nullfont!
Missing character: There is no ا ("627) in font nullfont!
Missing character: There is no ی ("6CC) in font nullfont!
Missing character: There is no ت ("62A) in font nullfont!
Missing character: There is no م ("645) in font nullfont!
Missing character: There is no د ("62F) in font nullfont!
Missing character: There is no ا ("627) in font nullfont!
Missing character: There is no ر ("631) in font nullfont!
Missing character: There is no آ ("622) in font nullfont!
Missing character: There is no ن ("646) in font nullfont!
Missing character: There is no ر ("631) in font nullfont!
Missing character: There is no ا ("627) in font nullfont!
Missing character: There is no ر ("631) in font nullfont!
Missing character: There is no س ("633) in font nullfont!
Missing character: There is no م ("645) in font nullfont!
Missing character: There is no ک ("6A9) in font nullfont!
Missing character: There is no ن ("646) in font nullfont!
Missing character: There is no ی ("6CC) in font nullfont!
Missing character: There is no د ("62F) in font nullfont!
Missing character: There is no . ("2E) in font nullfont!

! LaTeX Error: Environment latin undefined.

See the LaTeX manual or LaTeX Companion for explanation.
Type  H <return>  for immediate help.
 ...                                              
                                                  
l.7 ^^I\begin{latin}
                    
Your command was ignored.
Type  I <command> <return>  to replace it with another command,
or  <return>  to continue without it.

LaTeX Font Info:    External font `cmex10' loaded for size
(Font)              <7> on input line 9.
LaTeX Font Info:    External font `cmex10' loaded for size
(Font)              <5> on input line 9.

Overfull \hbox (70.9367pt too wide) in paragraph at lines 9--10
\OML/cmm/m/it/10 F\OT1/cmr/m/n/10 (\OML/cmm/m/it/10 A; B; C; D\OT1/cmr/m/n/10 )
 =
 []


Overfull \hbox (23.05562pt too wide) in paragraph at lines 9--10
\OT1/cmr/m/n/10 ((\OML/cmm/m/it/10 A \OT1/cmr/m/n/10 +
 []


Overfull \hbox (37.08824pt too wide) in paragraph at lines 9--10
\OML/cmm/m/it/10 B[]\OT1/cmr/m/n/10 )\OML/cmm/m/it/10 :\OT1/cmr/m/n/10 (\OML/cm
m/m/it/10 C \OT1/cmr/m/n/10 +
 []


Overfull \hbox (19.1403pt too wide) in paragraph at lines 9--10
\OML/cmm/m/it/10 D\OT1/cmr/m/n/10 ))[]$ 
 []


Overfull \hbox (70.9367pt too wide) in paragraph at lines 11--12
\OML/cmm/m/it/10 F\OT1/cmr/m/n/10 (\OML/cmm/m/it/10 A; B; C; D\OT1/cmr/m/n/10 )
 =
 []


Overfull \hbox (18.0556pt too wide) in paragraph at lines 11--12
\OT1/cmr/m/n/10 [\OML/cmm/m/it/10 A \OT1/cmr/m/n/10 +
 []


Overfull \hbox (75.0633pt too wide) in paragraph at lines 11--12
\OT1/cmr/m/n/10 (\OML/cmm/m/it/10 BCD\OT1/cmr/m/n/10 )[]][(\OML/cmm/m/it/10 AD\
OT1/cmr/m/n/10 )[] +
 []


Overfull \hbox (30.42155pt too wide) in paragraph at lines 11--12
\OML/cmm/m/it/10 B\OT1/cmr/m/n/10 (\OML/cmm/m/it/10 C[] \OT1/cmr/m/n/10 +
 []


Overfull \hbox (14.1667pt too wide) in paragraph at lines 11--12
\OML/cmm/m/it/10 A\OT1/cmr/m/n/10 )]$ 
 []


Overfull \hbox (120.36845pt too wide) in paragraph at lines 13--14
\OML/cmm/m/it/10 F\OT1/cmr/m/n/10 (\OML/cmm/m/it/10 A; B; C; D; E; F; G; H\OT1/
cmr/m/n/10 ) =
 []


Overfull \hbox (25.8334pt too wide) in paragraph at lines 13--14
\OT1/cmr/m/n/10 [((\OML/cmm/m/it/10 A \OT1/cmr/m/n/10 +
 []


Overfull \hbox (37.08824pt too wide) in paragraph at lines 13--14
\OML/cmm/m/it/10 B\OT1/cmr/m/n/10 )[]\OML/cmm/m/it/10 :\OT1/cmr/m/n/10 (\OML/cm
m/m/it/10 C \OT1/cmr/m/n/10 +
 []


Overfull \hbox (37.6542pt too wide) in paragraph at lines 13--14
\OML/cmm/m/it/10 D\OT1/cmr/m/n/10 )[]\OML/cmm/m/it/10 :\OT1/cmr/m/n/10 (\OML/cm
m/m/it/10 E \OT1/cmr/m/n/10 +
 []


Overfull \hbox (36.82089pt too wide) in paragraph at lines 13--14
\OML/cmm/m/it/10 F\OT1/cmr/m/n/10 )[]\OML/cmm/m/it/10 :\OT1/cmr/m/n/10 (\OML/cm
m/m/it/10 G \OT1/cmr/m/n/10 +
 []


Overfull \hbox (28.09723pt too wide) in paragraph at lines 13--14
\OML/cmm/m/it/10 H\OT1/cmr/m/n/10 )[])[]][]$ 
 []


! LaTeX Error: \begin{enumerate} on input line 3 ended by \end{latin}.

See the LaTeX manual or LaTeX Companion for explanation.
Type  H <return>  for immediate help.
 ...                                              
                                                  
l.15 ^^I\end{latin}
                   
Your command was ignored.
Type  I <command> <return>  to replace it with another command,
or  <return>  to continue without it.

Missing character: There is no د ("62F) in font nullfont!
Missing character: There is no ر ("631) in font nullfont!
Missing character: There is no س ("633) in font nullfont!
Missing character: There is no ت ("62A) in font nullfont!
Missing character: There is no ی ("6CC) in font nullfont!
Missing character: There is no ی ("6CC) in font nullfont!
Missing character: There is no ا ("627) in font nullfont!
Missing character: There is no ن ("646) in font nullfont!
Missing character: There is no ا ("627) in font nullfont!
Missing character: There is no د ("62F) in font nullfont!
Missing character: There is no ر ("631) in font nullfont!
Missing character: There is no س ("633) in font nullfont!
Missing character: There is no ت ("62A) in font nullfont!
Missing character: There is no ی ("6CC) in font nullfont!
Missing character: There is no ب ("628) in font nullfont!
Missing character: There is no ر ("631) in font nullfont!
Missing character: There is no ا ("627) in font nullfont!
Missing character: There is no ب ("628) in font nullfont!
Missing character: There is no ر ("631) in font nullfont!
Missing character: There is no ی ("6CC) in font nullfont!
Missing character: There is no ‌ ("200C) in font nullfont!
Missing character: There is no ه ("647) in font nullfont!
Missing character: There is no ا ("627) in font nullfont!
Missing character: There is no ی ("6CC) in font nullfont!
Missing character: There is no ز ("632) in font nullfont!
Missing character: There is no ی ("6CC) in font nullfont!
Missing character: There is no ر ("631) in font nullfont!
Missing character: There is no ر ("631) in font nullfont!
Missing character: There is no ا ("627) in font nullfont!
Missing character: There is no ب ("628) in font nullfont!
Missing character: There is no ا ("627) in font nullfont!
Missing character: There is no ا ("627) in font nullfont!
Missing character: There is no س ("633) in font nullfont!
Missing character: There is no ت ("62A) in font nullfont!
Missing character: There is no ف ("641) in font nullfont!
Missing character: There is no ا ("627) in font nullfont!
Missing character: There is no د ("62F) in font nullfont!
Missing character: There is no ه ("647) in font nullfont!
Missing character: There is no ا ("627) in font nullfont!
Missing character: There is no ز ("632) in font nullfont!
Missing character: There is no ج ("62C) in font nullfont!
Missing character: There is no د ("62F) in font nullfont!
Missing character: There is no و ("648) in font nullfont!
Missing character: There is no ل ("644) in font nullfont!
Missing character: There is no ا ("627) in font nullfont!
Missing character: There is no ر ("631) in font nullfont!
Missing character: There is no ز ("632) in font nullfont!
Missing character: There is no ش ("634) in font nullfont!
Missing character: There is no ‌ ("200C) in font nullfont!
Missing character: There is no ه ("647) in font nullfont!
Missing character: There is no ا ("627) in font nullfont!
! Undefined control sequence.
l.19 ... را با استفاده از جدول ارزش‌ها\LTRfootnote
                                                  {Truth Table} ارزیابی کنید.
The control sequence at the end of the top line
of your error message was never \def'ed. If you have
misspelled it (e.g., `\hobx'), type `I' and the correct
spelling (e.g., `I\hbox'). Otherwise just continue,
and I'll forget about whatever was undefined.

Missing character: There is no T ("54) in font nullfont!
Missing character: There is no r ("72) in font nullfont!
Missing character: There is no u ("75) in font nullfont!
Missing character: There is no t ("74) in font nullfont!
Missing character: There is no h ("68) in font nullfont!
Missing character: There is no T ("54) in font nullfont!
Missing character: There is no a ("61) in font nullfont!
Missing character: There is no b ("62) in font nullfont!
Missing character: There is no l ("6C) in font nullfont!
Missing character: There is no e ("65) in font nullfont!
Missing character: There is no ا ("627) in font nullfont!
Missing character: There is no ر ("631) in font nullfont!
Missing character: There is no ز ("632) in font nullfont!
Missing character: There is no ی ("6CC) in font nullfont!
Missing character: There is no ا ("627) in font nullfont!
Missing character: There is no ب ("628) in font nullfont!
Missing character: There is no ی ("6CC) in font nullfont!
Missing character: There is no ک ("6A9) in font nullfont!
Missing character: There is no ن ("646) in font nullfont!
Missing character: There is no ی ("6CC) in font nullfont!
Missing character: There is no د ("62F) in font nullfont!
Missing character: There is no . ("2E) in font nullfont!

! LaTeX Error: Environment latin undefined.

See the LaTeX manual or LaTeX Companion for explanation.
Type  H <return>  for immediate help.
 ...                                              
                                                  
l.20 ^^I\begin{latin}
                     
Your command was ignored.
Type  I <command> <return>  to replace it with another command,
or  <return>  to continue without it.


Overfull \hbox (24.87502pt too wide) in paragraph at lines 24--25
\OML/cmm/m/it/10 XY \OT1/cmr/m/n/10 +
 []


Overfull \hbox (27.19446pt too wide) in paragraph at lines 24--25
\OML/cmm/m/it/10 X[]Z \OT1/cmr/m/n/10 +
 []


Overfull \hbox (26.12497pt too wide) in paragraph at lines 24--25
\OML/cmm/m/it/10 YZ \OT1/cmr/m/n/10 =
 []


Overfull \hbox (24.87502pt too wide) in paragraph at lines 24--25
\OML/cmm/m/it/10 XY \OT1/cmr/m/n/10 +
 []


Overfull \hbox (19.41666pt too wide) in paragraph at lines 24--25
\OML/cmm/m/it/10 X[]Z$ 
 []


Overfull \hbox (20.73613pt too wide) in paragraph at lines 26--27
\OT1/cmr/m/n/10 (\OML/cmm/m/it/10 X \OT1/cmr/m/n/10 +
 []


Overfull \hbox (32.65282pt too wide) in paragraph at lines 26--27
\OML/cmm/m/it/10 Y\OT1/cmr/m/n/10 )(\OML/cmm/m/it/10 X \OT1/cmr/m/n/10 +
 []


Overfull \hbox (25.27776pt too wide) in paragraph at lines 26--27
\OML/cmm/m/it/10 Y[]\OT1/cmr/m/n/10 ) =
 []


Overfull \hbox (9.06943pt too wide) in paragraph at lines 26--27
\OML/cmm/m/it/10 X$ 
 []

Missing character: There is no ′ ("2032) in font cmr10!

Overfull \hbox (31.22711pt too wide) in paragraph at lines 28--29
\OML/cmm/m/it/10 ABC \OT1/cmr/m/n/10 +
 []


Overfull \hbox (34.03267pt too wide) in paragraph at lines 28--29
\OML/cmm/m/it/10 AB[]C \OT1/cmr/m/n/10 +
 []


Overfull \hbox (37.89516pt too wide) in paragraph at lines 28--29
\OML/cmm/m/it/10 B[]C[]D \OT1/cmr/m/n/10 +
 []


Overfull \hbox (35.06175pt too wide) in paragraph at lines 28--29
\OML/cmm/m/it/10 BCD \OT1/cmr/m/n/10 =
 []


Overfull \hbox (34.03267pt too wide) in paragraph at lines 28--29
\OML/cmm/m/it/10 AB[]C \OT1/cmr/m/n/10 +
 []


Overfull \hbox (34.03267pt too wide) in paragraph at lines 28--29
\OML/cmm/m/it/10 ABC[] \OT1/cmr/m/n/10 +
 []


Overfull \hbox (23.83476pt too wide) in paragraph at lines 28--29
\OML/cmm/m/it/10 AD \OT1/cmr/m/n/10 +
 []


Overfull \hbox (32.28404pt too wide) in paragraph at lines 28--29
\OML/cmm/m/it/10 BCD \OT1/cmr/m/n/10 +
 []


Overfull \hbox (30.11736pt too wide) in paragraph at lines 28--29
\OML/cmm/m/it/10 B[]C[]D$ 
 []


! LaTeX Error: \begin{enumerate} on input line 3 ended by \end{latin}.

See the LaTeX manual or LaTeX Companion for explanation.
Type  H <return>  for immediate help.
 ...                                              
                                                  
l.30 ^^I\end{latin}
                   
Your command was ignored.
Type  I <command> <return>  to replace it with another command,
or  <return>  to continue without it.

Missing character: There is no ع ("639) in font nullfont!
Missing character: There is no ب ("628) in font nullfont!
Missing character: There is no ا ("627) in font nullfont!
Missing character: There is no ر ("631) in font nullfont!
Missing character: There is no ا ("627) in font nullfont!
Missing character: There is no ت ("62A) in font nullfont!
Missing character: There is no ( ("28) in font nullfont!
Missing character: There is no i ("69) in font nullfont!
Missing character: There is no ) ("29) in font nullfont!
Missing character: There is no و ("648) in font nullfont!
Missing character: There is no ( ("28) in font nullfont!
Missing character: There is no i ("69) in font nullfont!
Missing character: There is no i ("69) in font nullfont!
Missing character: There is no ) ("29) in font nullfont!
Missing character: There is no ر ("631) in font nullfont!
Missing character: There is no ا ("627) in font nullfont!
Missing character: There is no ب ("628) in font nullfont!
Missing character: There is no ه ("647) in font nullfont!
Missing character: There is no ‌ ("200C) in font nullfont!
Missing character: There is no ف ("641) in font nullfont!
Missing character: There is no ر ("631) in font nullfont!
Missing character: There is no م ("645) in font nullfont!
Missing character: There is no P ("50) in font nullfont!
Missing character: There is no O ("4F) in font nullfont!
Missing character: There is no S ("53) in font nullfont!
Missing character: There is no و ("648) in font nullfont!
Missing character: There is no ع ("639) in font nullfont!
Missing character: There is no ب ("628) in font nullfont!
Missing character: There is no ا ("627) in font nullfont!
Missing character: There is no ر ("631) in font nullfont!
Missing character: There is no ت ("62A) in font nullfont!
Missing character: There is no ( ("28) in font nullfont!
Missing character: There is no i ("69) in font nullfont!
Missing character: There is no i ("69) in font nullfont!
Missing character: There is no i ("69) in font nullfont!
Missing character: There is no ) ("29) in font nullfont!
Missing character: There is no ر ("631) in font nullfont!
Missing character: There is no ا ("627) in font nullfont!
Missing character: There is no ب ("628) in font nullfont!
Missing character: There is no ه ("647) in font nullfont!
Missing character: There is no ‌ ("200C) in font nullfont!
Missing character: There is no ف ("641) in font nullfont!
Missing character: There is no ر ("631) in font nullfont!
Missing character: There is no م ("645) in font nullfont!
Missing character: There is no S ("53) in font nullfont!
Missing character: There is no O ("4F) in font nullfont!
Missing character: There is no P ("50) in font nullfont!
Missing character: There is no ب ("628) in font nullfont!
Missing character: There is no ا ("627) in font nullfont!
Missing character: There is no ز ("632) in font nullfont!
Missing character: There is no ن ("646) in font nullfont!
Missing character: There is no و ("648) in font nullfont!
Missing character: There is no ی ("6CC) in font nullfont!
Missing character: There is no س ("633) in font nullfont!
Missing character: There is no ی ("6CC) in font nullfont!
Missing character: There is no ک ("6A9) in font nullfont!
Missing character: There is no ن ("646) in font nullfont!
Missing character: There is no ی ("6CC) in font nullfont!
Missing character: There is no د ("62F) in font nullfont!
Missing character: There is no . ("2E) in font nullfont!

! LaTeX Error: Environment latin undefined.

See the LaTeX manual or LaTeX Companion for explanation.
Type  H <return>  for immediate help.
 ...                                              
                                                  
l.35 ^^I\begin{latin}
                     
Your command was ignored.
Type  I <command> <return>  to replace it with another command,
or  <return>  to continue without it.


Overfull \hbox (23.36462pt too wide) in paragraph at lines 37--38
\OML/cmm/m/it/10 AB \OT1/cmr/m/n/10 +
 []


Overfull \hbox (46.47852pt too wide) in paragraph at lines 37--38
\OML/cmm/m/it/10 CD\OT1/cmr/m/n/10 (\OML/cmm/m/it/10 AB[] \OT1/cmr/m/n/10 +
 []


Overfull \hbox (20.30833pt too wide) in paragraph at lines 37--38
\OML/cmm/m/it/10 CD\OT1/cmr/m/n/10 )$ 
 []


Overfull \hbox (48.81393pt too wide) in paragraph at lines 39--40
\OML/cmm/m/it/10 AB\OT1/cmr/m/n/10 (\OML/cmm/m/it/10 B[]C[] \OT1/cmr/m/n/10 +
 []


Overfull \hbox (19.8382pt too wide) in paragraph at lines 39--40
\OML/cmm/m/it/10 BC\OT1/cmr/m/n/10 )$ 
 []


Overfull \hbox (15.27782pt too wide) in paragraph at lines 41--42
\OML/cmm/m/it/10 A \OT1/cmr/m/n/10 +
 []


Overfull \hbox (34.0049pt too wide) in paragraph at lines 41--42
\OML/cmm/m/it/10 B\OT1/cmr/m/n/10 [\OML/cmm/m/it/10 AC \OT1/cmr/m/n/10 +
 []


Overfull \hbox (19.75351pt too wide) in paragraph at lines 41--42
\OT1/cmr/m/n/10 (\OML/cmm/m/it/10 B \OT1/cmr/m/n/10 +
 []


Overfull \hbox (25.89168pt too wide) in paragraph at lines 41--42
\OML/cmm/m/it/10 C\OT1/cmr/m/n/10 )[]\OML/cmm/m/it/10 D\OT1/cmr/m/n/10 ]$ 
 []


! LaTeX Error: \begin{enumerate} on input line 3 ended by \end{latin}.

See the LaTeX manual or LaTeX Companion for explanation.
Type  H <return>  for immediate help.
 ...                                              
                                                  
l.43 ^^I\end{latin}
                   
Your command was ignored.
Type  I <command> <return>  to replace it with another command,
or  <return>  to continue without it.

)
! Emergency stop.
<*> th5.tex
           
*** (job aborted, no legal \end found)

 
Here is how much of TeX's memory you used:
 22 strings out of 476191
 351 string characters out of 5812072
 301141 words of memory out of 5000000
 20864 multiletter control sequences out of 15000+600000
 469259 words of font info for 28 fonts, out of 8000000 for 9000
 1348 hyphenation exceptions out of 8191
 18i,2n,12p,141b,167s stack positions out of 5000i,500n,10000p,200000b,80000s
No pages of output.
