This is XeTeX, Version 3.141592653-2.6-0.999995 (TeX Live 2023/Debian) (preloaded format=xelatex 2024.5.4)  22 OCT 2024 18:41
entering extended mode
 restricted \write18 enabled.
 %&-line parsing enabled.
**optional_q3.tex
(./optional_q3.tex
LaTeX2e <2023-11-01> patch level 1
L3 programming layer <2024-01-22>

! LaTeX Error: Missing \begin{document}.

See the LaTeX manual or LaTeX Companion for explanation.
Type  H <return>  for immediate help.
 ...                                              
                                                  
l.1 س
     والات ۵.۱۹، ۵.۲۹، ۵.۳۲ از کتاب مرجع
You're in trouble here.  Try typing  <return>  to proceed.
If that doesn't work, type  X <return>  to quit.

Missing character: There is no س ("633) in font nullfont!
Missing character: There is no و ("648) in font nullfont!
Missing character: There is no ا ("627) in font nullfont!
Missing character: There is no ل ("644) in font nullfont!
Missing character: There is no ا ("627) in font nullfont!
Missing character: There is no ت ("62A) in font nullfont!
Missing character: There is no ۵ ("6F5) in font nullfont!
Missing character: There is no . ("2E) in font nullfont!
Missing character: There is no ۱ ("6F1) in font nullfont!
Missing character: There is no ۹ ("6F9) in font nullfont!
Missing character: There is no ، ("60C) in font nullfont!
Missing character: There is no ۵ ("6F5) in font nullfont!
Missing character: There is no . ("2E) in font nullfont!
Missing character: There is no ۲ ("6F2) in font nullfont!
Missing character: There is no ۹ ("6F9) in font nullfont!
Missing character: There is no ، ("60C) in font nullfont!
Missing character: There is no ۵ ("6F5) in font nullfont!
Missing character: There is no . ("2E) in font nullfont!
Missing character: There is no ۳ ("6F3) in font nullfont!
Missing character: There is no ۲ ("6F2) in font nullfont!
Missing character: There is no ا ("627) in font nullfont!
Missing character: There is no ز ("632) in font nullfont!
Missing character: There is no ک ("6A9) in font nullfont!
Missing character: There is no ت ("62A) in font nullfont!
Missing character: There is no ا ("627) in font nullfont!
Missing character: There is no ب ("628) in font nullfont!
Missing character: There is no م ("645) in font nullfont!
Missing character: There is no ر ("631) in font nullfont!
Missing character: There is no ج ("62C) in font nullfont!
Missing character: There is no ع ("639) in font nullfont!
)
! Emergency stop.
<*> optional_q3.tex
                   
*** (job aborted, no legal \end found)

 
Here is how much of TeX's memory you used:
 15 strings out of 474878
 313 string characters out of 5762517
 1915627 words of memory out of 5000000
 22163 multiletter control sequences out of 15000+600000
 558069 words of font info for 36 fonts, out of 8000000 for 9000
 1348 hyphenation exceptions out of 8191
 15i,0n,18p,87b,14s stack positions out of 10000i,1000n,20000p,200000b,200000s
No pages of output.
